[debug] [2023-05-24T14:51:12.459Z] ----------------------------------------------------------------------
[debug] [2023-05-24T14:51:12.462Z] Command:       C:\Program Files\nodejs\node.exe C:\Users\RAGHAV\AppData\Roaming\npm\node_modules\firebase-tools\lib\bin\firebase.js deploy
[debug] [2023-05-24T14:51:12.463Z] CLI Version:   12.0.0
[debug] [2023-05-24T14:51:12.463Z] Platform:      win32
[debug] [2023-05-24T14:51:12.463Z] Node Version:  v18.4.0
[debug] [2023-05-24T14:51:12.464Z] Time:          Wed May 24 2023 20:21:12 GMT+0530 (India Standard Time)
[debug] [2023-05-24T14:51:12.465Z] ----------------------------------------------------------------------
[debug] 
[debug] [2023-05-24T14:51:12.604Z] Object ".hosting" in "firebase.json" has unknown property: {"additionalProperty":"rules"}
[debug] [2023-05-24T14:51:12.605Z] Field ".hosting" in "firebase.json" is possibly invalid: should be array
[debug] [2023-05-24T14:51:12.605Z] Field ".hosting" in "firebase.json" is possibly invalid: should match some schema in anyOf
[debug] [2023-05-24T14:51:12.615Z] > command requires scopes: ["email","openid","https://www.googleapis.com/auth/cloudplatformprojects.readonly","https://www.googleapis.com/auth/firebase","https://www.googleapis.com/auth/cloud-platform"]
[debug] [2023-05-24T14:51:12.616Z] > authorizing via signed-in user (raghav.pareek5846@gmail.com)
[debug] [2023-05-24T14:51:12.617Z] [iam] checking project the-leading-bean for permissions ["cloudfunctions.functions.create","cloudfunctions.functions.delete","cloudfunctions.functions.get","cloudfunctions.functions.list","cloudfunctions.functions.update","cloudfunctions.operations.get","firebase.projects.get","firebasehosting.sites.update"]
[debug] [2023-05-24T14:51:12.621Z] >>> [apiv2][query] POST https://cloudresourcemanager.googleapis.com/v1/projects/the-leading-bean:testIamPermissions [none]
[debug] [2023-05-24T14:51:12.621Z] >>> [apiv2][(partial)header] POST https://cloudresourcemanager.googleapis.com/v1/projects/the-leading-bean:testIamPermissions x-goog-quota-user=projects/the-leading-bean
[debug] [2023-05-24T14:51:12.622Z] >>> [apiv2][body] POST https://cloudresourcemanager.googleapis.com/v1/projects/the-leading-bean:testIamPermissions {"permissions":["cloudfunctions.functions.create","cloudfunctions.functions.delete","cloudfunctions.functions.get","cloudfunctions.functions.list","cloudfunctions.functions.update","cloudfunctions.operations.get","firebase.projects.get","firebasehosting.sites.update"]}
[debug] [2023-05-24T14:51:14.669Z] <<< [apiv2][status] POST https://cloudresourcemanager.googleapis.com/v1/projects/the-leading-bean:testIamPermissions 200
[debug] [2023-05-24T14:51:14.670Z] <<< [apiv2][body] POST https://cloudresourcemanager.googleapis.com/v1/projects/the-leading-bean:testIamPermissions {"permissions":["cloudfunctions.functions.create","cloudfunctions.functions.delete","cloudfunctions.functions.get","cloudfunctions.functions.list","cloudfunctions.functions.update","cloudfunctions.operations.get","firebase.projects.get","firebasehosting.sites.update"]}
[debug] [2023-05-24T14:51:14.672Z] >>> [apiv2][query] POST https://iam.googleapis.com/v1/projects/the-leading-bean/serviceAccounts/the-leading-bean@appspot.gserviceaccount.com:testIamPermissions [none]
[debug] [2023-05-24T14:51:14.672Z] >>> [apiv2][body] POST https://iam.googleapis.com/v1/projects/the-leading-bean/serviceAccounts/the-leading-bean@appspot.gserviceaccount.com:testIamPermissions {"permissions":["iam.serviceAccounts.actAs"]}
[debug] [2023-05-24T14:51:16.559Z] <<< [apiv2][status] POST https://iam.googleapis.com/v1/projects/the-leading-bean/serviceAccounts/the-leading-bean@appspot.gserviceaccount.com:testIamPermissions 200
[debug] [2023-05-24T14:51:16.560Z] <<< [apiv2][body] POST https://iam.googleapis.com/v1/projects/the-leading-bean/serviceAccounts/the-leading-bean@appspot.gserviceaccount.com:testIamPermissions {"permissions":["iam.serviceAccounts.actAs"]}
[debug] [2023-05-24T14:51:16.563Z] >>> [apiv2][query] GET https://firebase.googleapis.com/v1beta1/projects/the-leading-bean [none]
[debug] [2023-05-24T14:51:17.536Z] <<< [apiv2][status] GET https://firebase.googleapis.com/v1beta1/projects/the-leading-bean 200
[debug] [2023-05-24T14:51:17.537Z] <<< [apiv2][body] GET https://firebase.googleapis.com/v1beta1/projects/the-leading-bean {"projectId":"the-leading-bean","projectNumber":"490673313153","displayName":"The leading Bean","name":"projects/the-leading-bean","resources":{"hostingSite":"the-leading-bean","storageBucket":"the-leading-bean.appspot.com","locationId":"asia-south1"},"state":"ACTIVE","etag":"1_c0aa3f1c-ba55-4d37-b37f-b141197730cb"}
[info] 
[info] === Deploying to 'the-leading-bean'...
[info] 
[info] i  deploying functions, hosting 
[info] +  functions: Finished running predeploy script. 
[debug] [2023-05-24T14:51:17.556Z] >>> [apiv2][query] GET https://firebase.googleapis.com/v1beta1/projects/the-leading-bean [none]
[debug] [2023-05-24T14:51:18.314Z] <<< [apiv2][status] GET https://firebase.googleapis.com/v1beta1/projects/the-leading-bean 200
[debug] [2023-05-24T14:51:18.314Z] <<< [apiv2][body] GET https://firebase.googleapis.com/v1beta1/projects/the-leading-bean {"projectId":"the-leading-bean","projectNumber":"490673313153","displayName":"The leading Bean","name":"projects/the-leading-bean","resources":{"hostingSite":"the-leading-bean","storageBucket":"the-leading-bean.appspot.com","locationId":"asia-south1"},"state":"ACTIVE","etag":"1_c0aa3f1c-ba55-4d37-b37f-b141197730cb"}
[info] i  functions: preparing codebase default for deployment 
[info] i  functions: ensuring required API cloudfunctions.googleapis.com is enabled... 
[info] i  functions: ensuring required API cloudbuild.googleapis.com is enabled... 
[info] i  artifactregistry: ensuring required API artifactregistry.googleapis.com is enabled... 
[debug] [2023-05-24T14:51:18.325Z] >>> [apiv2][query] GET https://serviceusage.googleapis.com/v1/projects/the-leading-bean/services/cloudfunctions.googleapis.com [none]
[debug] [2023-05-24T14:51:18.326Z] >>> [apiv2][(partial)header] GET https://serviceusage.googleapis.com/v1/projects/the-leading-bean/services/cloudfunctions.googleapis.com x-goog-quota-user=projects/the-leading-bean
[debug] [2023-05-24T14:51:18.335Z] >>> [apiv2][query] GET https://serviceusage.googleapis.com/v1/projects/the-leading-bean/services/runtimeconfig.googleapis.com [none]
[debug] [2023-05-24T14:51:18.335Z] >>> [apiv2][(partial)header] GET https://serviceusage.googleapis.com/v1/projects/the-leading-bean/services/runtimeconfig.googleapis.com x-goog-quota-user=projects/the-leading-bean
[debug] [2023-05-24T14:51:18.345Z] >>> [apiv2][query] GET https://serviceusage.googleapis.com/v1/projects/the-leading-bean/services/cloudbuild.googleapis.com [none]
[debug] [2023-05-24T14:51:18.345Z] >>> [apiv2][(partial)header] GET https://serviceusage.googleapis.com/v1/projects/the-leading-bean/services/cloudbuild.googleapis.com x-goog-quota-user=projects/the-leading-bean
[debug] [2023-05-24T14:51:18.354Z] >>> [apiv2][query] GET https://serviceusage.googleapis.com/v1/projects/the-leading-bean/services/artifactregistry.googleapis.com [none]
[debug] [2023-05-24T14:51:18.355Z] >>> [apiv2][(partial)header] GET https://serviceusage.googleapis.com/v1/projects/the-leading-bean/services/artifactregistry.googleapis.com x-goog-quota-user=projects/the-leading-bean
[debug] [2023-05-24T14:51:20.639Z] <<< [apiv2][status] GET https://serviceusage.googleapis.com/v1/projects/the-leading-bean/services/runtimeconfig.googleapis.com 200
[debug] [2023-05-24T14:51:20.639Z] <<< [apiv2][body] GET https://serviceusage.googleapis.com/v1/projects/the-leading-bean/services/runtimeconfig.googleapis.com [omitted]
[debug] [2023-05-24T14:51:20.642Z] <<< [apiv2][status] GET https://serviceusage.googleapis.com/v1/projects/the-leading-bean/services/cloudfunctions.googleapis.com 200
[debug] [2023-05-24T14:51:20.642Z] <<< [apiv2][body] GET https://serviceusage.googleapis.com/v1/projects/the-leading-bean/services/cloudfunctions.googleapis.com [omitted]
[info] +  functions: required API cloudfunctions.googleapis.com is enabled 
[debug] [2023-05-24T14:51:20.652Z] <<< [apiv2][status] GET https://serviceusage.googleapis.com/v1/projects/the-leading-bean/services/artifactregistry.googleapis.com 200
[debug] [2023-05-24T14:51:20.653Z] <<< [apiv2][body] GET https://serviceusage.googleapis.com/v1/projects/the-leading-bean/services/artifactregistry.googleapis.com [omitted]
[info] +  artifactregistry: required API artifactregistry.googleapis.com is enabled 
[debug] [2023-05-24T14:51:20.675Z] <<< [apiv2][status] GET https://serviceusage.googleapis.com/v1/projects/the-leading-bean/services/cloudbuild.googleapis.com 200
[debug] [2023-05-24T14:51:20.675Z] <<< [apiv2][body] GET https://serviceusage.googleapis.com/v1/projects/the-leading-bean/services/cloudbuild.googleapis.com [omitted]
[info] +  functions: required API cloudbuild.googleapis.com is enabled 
[debug] [2023-05-24T14:51:20.677Z] >>> [apiv2][query] GET https://firebase.googleapis.com/v1beta1/projects/the-leading-bean/adminSdkConfig [none]
[debug] [2023-05-24T14:51:21.331Z] <<< [apiv2][status] GET https://firebase.googleapis.com/v1beta1/projects/the-leading-bean/adminSdkConfig 200
[debug] [2023-05-24T14:51:21.332Z] <<< [apiv2][body] GET https://firebase.googleapis.com/v1beta1/projects/the-leading-bean/adminSdkConfig {"projectId":"the-leading-bean","storageBucket":"the-leading-bean.appspot.com","locationId":"asia-south1"}
[debug] [2023-05-24T14:51:21.333Z] >>> [apiv2][query] GET https://runtimeconfig.googleapis.com/v1beta1/projects/the-leading-bean/configs [none]
[debug] [2023-05-24T14:51:22.480Z] <<< [apiv2][status] GET https://runtimeconfig.googleapis.com/v1beta1/projects/the-leading-bean/configs 200
[debug] [2023-05-24T14:51:22.480Z] <<< [apiv2][body] GET https://runtimeconfig.googleapis.com/v1beta1/projects/the-leading-bean/configs {}
[debug] [2023-05-24T14:51:22.495Z] Validating nodejs source
[debug] [2023-05-24T14:51:26.013Z] > [functions] package.json contents: {
  "name": "tlb",
  "description": "Cloud Functions for Firebase",
  "scripts": {
    "lint": "eslint .",
    "serve": "firebase emulators:start --only functions",
    "shell": "firebase functions:shell",
    "start": "npm run shell",
    "deploy": "firebase deploy --only functions",
    "logs": "firebase functions:log"
  },
  "engines": {
    "node": "18"
  },
  "main": "index.js",
  "dependencies": {
    "connect-flash": "^0.1.1",
    "connect-mongo": "^5.0.0",
    "cookie-parser": "^1.4.6",
    "cookie-session": "^2.0.0",
    "ejs": "^3.1.9",
    "express": "^4.18.2",
    "express-ejs-layouts": "^2.5.1",
    "express-session": "^1.17.3",
    "express-toastr": "^2.0.2",
    "firebase": "^9.22.0",
    "firebase-admin": "^11.8.0",
    "firebase-functions": "^4.4.0",
    "gulp": "^4.0.2",
    "gulp-cli": "^2.3.0",
    "gulp-cssnano": "^2.1.3",
    "gulp-imagemin": "^8.0.0",
    "gulp-rev": "^10.0.0",
    "gulp-uglify-es": "^3.0.0",
    "imagemin": "^8.0.1",
    "memorystore": "^1.6.7",
    "mongodb": "^5.5.0",
    "mongoose": "^7.1.0",
    "multer": "^1.4.5-lts.1",
    "node-localstorage": "^2.2.1",
    "redis": "^4.6.6",
    "sharp": "^0.32.1"
  },
  "devDependencies": {
    "eslint": "^8.15.0",
    "eslint-config-google": "^0.14.0",
    "firebase-functions-test": "^3.1.0"
  },
  "private": true,
  "version": "1.0.0",
  "author": "",
  "license": "ISC"
}
[debug] [2023-05-24T14:51:26.013Z] Building nodejs source
[debug] [2023-05-24T14:51:26.016Z] Could not find functions.yaml. Must use http discovery
[debug] [2023-05-24T14:51:26.033Z] Found firebase-functions binary at 'C:\Users\RAGHAV\OneDrive\Desktop\projects\leadingbean\functions\node_modules\.bin\firebase-functions'
[debug] [2023-05-24T14:51:26.501Z] Serving at port 8094

[debug] [2023-05-24T14:51:27.964Z] mongoose has connected

[debug] [2023-05-24T14:51:28.297Z] C:\Users\RAGHAV\OneDrive\Desktop\projects\leadingbean\frontend\css

[debug] [2023-05-24T14:51:29.129Z] FetchError: request to http://localhost:8094/__/quitquitquit failed, reason: connect ECONNREFUSED ::1:8094
    at ClientRequest.<anonymous> (C:\Users\RAGHAV\AppData\Roaming\npm\node_modules\firebase-tools\node_modules\node-fetch\lib\index.js:1505:11)
    at ClientRequest.emit (node:events:537:28)
    at ClientRequest.emit (node:domain:482:12)
    at Socket.socketErrorListener (node:_http_client:465:9)
    at Socket.emit (node:events:537:28)
    at Socket.emit (node:domain:482:12)
    at emitErrorNT (node:internal/streams/destroy:151:8)
    at emitErrorCloseNT (node:internal/streams/destroy:116:3)
    at process.processTicksAndRejections (node:internal/process/task_queues:82:21)
[error] 
[error] Error: An unexpected error has occurred.
[debug] [2023-05-24T14:52:04.140Z] ----------------------------------------------------------------------
[debug] [2023-05-24T14:52:04.144Z] Command:       C:\Program Files\nodejs\node.exe C:\Users\RAGHAV\AppData\Roaming\npm\node_modules\firebase-tools\lib\bin\firebase.js deploy
[debug] [2023-05-24T14:52:04.145Z] CLI Version:   12.0.0
[debug] [2023-05-24T14:52:04.146Z] Platform:      win32
[debug] [2023-05-24T14:52:04.146Z] Node Version:  v18.4.0
[debug] [2023-05-24T14:52:04.147Z] Time:          Wed May 24 2023 20:22:04 GMT+0530 (India Standard Time)
[debug] [2023-05-24T14:52:04.148Z] ----------------------------------------------------------------------
[debug] 
[debug] [2023-05-24T14:52:04.252Z] Object ".hosting" in "firebase.json" has unknown property: {"additionalProperty":"rules"}
[debug] [2023-05-24T14:52:04.252Z] Field ".hosting" in "firebase.json" is possibly invalid: should be array
[debug] [2023-05-24T14:52:04.252Z] Field ".hosting" in "firebase.json" is possibly invalid: should match some schema in anyOf
[debug] [2023-05-24T14:52:04.260Z] > command requires scopes: ["email","openid","https://www.googleapis.com/auth/cloudplatformprojects.readonly","https://www.googleapis.com/auth/firebase","https://www.googleapis.com/auth/cloud-platform"]
[debug] [2023-05-24T14:52:04.261Z] > authorizing via signed-in user (raghav.pareek5846@gmail.com)
[debug] [2023-05-24T14:52:04.261Z] [iam] checking project the-leading-bean for permissions ["cloudfunctions.functions.create","cloudfunctions.functions.delete","cloudfunctions.functions.get","cloudfunctions.functions.list","cloudfunctions.functions.update","cloudfunctions.operations.get","firebase.projects.get","firebasehosting.sites.update"]
[debug] [2023-05-24T14:52:04.265Z] >>> [apiv2][query] POST https://cloudresourcemanager.googleapis.com/v1/projects/the-leading-bean:testIamPermissions [none]
[debug] [2023-05-24T14:52:04.265Z] >>> [apiv2][(partial)header] POST https://cloudresourcemanager.googleapis.com/v1/projects/the-leading-bean:testIamPermissions x-goog-quota-user=projects/the-leading-bean
[debug] [2023-05-24T14:52:04.265Z] >>> [apiv2][body] POST https://cloudresourcemanager.googleapis.com/v1/projects/the-leading-bean:testIamPermissions {"permissions":["cloudfunctions.functions.create","cloudfunctions.functions.delete","cloudfunctions.functions.get","cloudfunctions.functions.list","cloudfunctions.functions.update","cloudfunctions.operations.get","firebase.projects.get","firebasehosting.sites.update"]}
[debug] [2023-05-24T14:52:05.979Z] <<< [apiv2][status] POST https://cloudresourcemanager.googleapis.com/v1/projects/the-leading-bean:testIamPermissions 200
[debug] [2023-05-24T14:52:05.980Z] <<< [apiv2][body] POST https://cloudresourcemanager.googleapis.com/v1/projects/the-leading-bean:testIamPermissions {"permissions":["cloudfunctions.functions.create","cloudfunctions.functions.delete","cloudfunctions.functions.get","cloudfunctions.functions.list","cloudfunctions.functions.update","cloudfunctions.operations.get","firebase.projects.get","firebasehosting.sites.update"]}
[debug] [2023-05-24T14:52:05.981Z] >>> [apiv2][query] POST https://iam.googleapis.com/v1/projects/the-leading-bean/serviceAccounts/the-leading-bean@appspot.gserviceaccount.com:testIamPermissions [none]
[debug] [2023-05-24T14:52:05.982Z] >>> [apiv2][body] POST https://iam.googleapis.com/v1/projects/the-leading-bean/serviceAccounts/the-leading-bean@appspot.gserviceaccount.com:testIamPermissions {"permissions":["iam.serviceAccounts.actAs"]}
[debug] [2023-05-24T14:52:07.129Z] <<< [apiv2][status] POST https://iam.googleapis.com/v1/projects/the-leading-bean/serviceAccounts/the-leading-bean@appspot.gserviceaccount.com:testIamPermissions 200
[debug] [2023-05-24T14:52:07.129Z] <<< [apiv2][body] POST https://iam.googleapis.com/v1/projects/the-leading-bean/serviceAccounts/the-leading-bean@appspot.gserviceaccount.com:testIamPermissions {"permissions":["iam.serviceAccounts.actAs"]}
[debug] [2023-05-24T14:52:07.133Z] >>> [apiv2][query] GET https://firebase.googleapis.com/v1beta1/projects/the-leading-bean [none]
[debug] [2023-05-24T14:52:08.202Z] <<< [apiv2][status] GET https://firebase.googleapis.com/v1beta1/projects/the-leading-bean 200
[debug] [2023-05-24T14:52:08.203Z] <<< [apiv2][body] GET https://firebase.googleapis.com/v1beta1/projects/the-leading-bean {"projectId":"the-leading-bean","projectNumber":"490673313153","displayName":"The leading Bean","name":"projects/the-leading-bean","resources":{"hostingSite":"the-leading-bean","storageBucket":"the-leading-bean.appspot.com","locationId":"asia-south1"},"state":"ACTIVE","etag":"1_c0aa3f1c-ba55-4d37-b37f-b141197730cb"}
[info] 
[info] === Deploying to 'the-leading-bean'...
[info] 
[info] i  deploying functions, hosting 
[info] +  functions: Finished running predeploy script. 
[debug] [2023-05-24T14:52:08.221Z] >>> [apiv2][query] GET https://firebase.googleapis.com/v1beta1/projects/the-leading-bean [none]
[debug] [2023-05-24T14:52:08.970Z] <<< [apiv2][status] GET https://firebase.googleapis.com/v1beta1/projects/the-leading-bean 200
[debug] [2023-05-24T14:52:08.971Z] <<< [apiv2][body] GET https://firebase.googleapis.com/v1beta1/projects/the-leading-bean {"projectId":"the-leading-bean","projectNumber":"490673313153","displayName":"The leading Bean","name":"projects/the-leading-bean","resources":{"hostingSite":"the-leading-bean","storageBucket":"the-leading-bean.appspot.com","locationId":"asia-south1"},"state":"ACTIVE","etag":"1_c0aa3f1c-ba55-4d37-b37f-b141197730cb"}
[info] i  functions: preparing codebase default for deployment 
[info] i  functions: ensuring required API cloudfunctions.googleapis.com is enabled... 
[info] i  functions: ensuring required API cloudbuild.googleapis.com is enabled... 
[info] i  artifactregistry: ensuring required API artifactregistry.googleapis.com is enabled... 
[debug] [2023-05-24T14:52:08.981Z] >>> [apiv2][query] GET https://serviceusage.googleapis.com/v1/projects/the-leading-bean/services/cloudfunctions.googleapis.com [none]
[debug] [2023-05-24T14:52:08.981Z] >>> [apiv2][(partial)header] GET https://serviceusage.googleapis.com/v1/projects/the-leading-bean/services/cloudfunctions.googleapis.com x-goog-quota-user=projects/the-leading-bean
[debug] [2023-05-24T14:52:08.987Z] >>> [apiv2][query] GET https://serviceusage.googleapis.com/v1/projects/the-leading-bean/services/runtimeconfig.googleapis.com [none]
[debug] [2023-05-24T14:52:08.988Z] >>> [apiv2][(partial)header] GET https://serviceusage.googleapis.com/v1/projects/the-leading-bean/services/runtimeconfig.googleapis.com x-goog-quota-user=projects/the-leading-bean
[debug] [2023-05-24T14:52:08.994Z] >>> [apiv2][query] GET https://serviceusage.googleapis.com/v1/projects/the-leading-bean/services/cloudbuild.googleapis.com [none]
[debug] [2023-05-24T14:52:08.994Z] >>> [apiv2][(partial)header] GET https://serviceusage.googleapis.com/v1/projects/the-leading-bean/services/cloudbuild.googleapis.com x-goog-quota-user=projects/the-leading-bean
[debug] [2023-05-24T14:52:09.004Z] >>> [apiv2][query] GET https://serviceusage.googleapis.com/v1/projects/the-leading-bean/services/artifactregistry.googleapis.com [none]
[debug] [2023-05-24T14:52:09.004Z] >>> [apiv2][(partial)header] GET https://serviceusage.googleapis.com/v1/projects/the-leading-bean/services/artifactregistry.googleapis.com x-goog-quota-user=projects/the-leading-bean
[debug] [2023-05-24T14:52:11.020Z] <<< [apiv2][status] GET https://serviceusage.googleapis.com/v1/projects/the-leading-bean/services/cloudbuild.googleapis.com 200
[debug] [2023-05-24T14:52:11.021Z] <<< [apiv2][body] GET https://serviceusage.googleapis.com/v1/projects/the-leading-bean/services/cloudbuild.googleapis.com [omitted]
[info] +  functions: required API cloudbuild.googleapis.com is enabled 
[debug] [2023-05-24T14:52:11.069Z] <<< [apiv2][status] GET https://serviceusage.googleapis.com/v1/projects/the-leading-bean/services/artifactregistry.googleapis.com 200
[debug] [2023-05-24T14:52:11.069Z] <<< [apiv2][body] GET https://serviceusage.googleapis.com/v1/projects/the-leading-bean/services/artifactregistry.googleapis.com [omitted]
[info] +  artifactregistry: required API artifactregistry.googleapis.com is enabled 
[debug] [2023-05-24T14:52:11.072Z] <<< [apiv2][status] GET https://serviceusage.googleapis.com/v1/projects/the-leading-bean/services/runtimeconfig.googleapis.com 200
[debug] [2023-05-24T14:52:11.072Z] <<< [apiv2][body] GET https://serviceusage.googleapis.com/v1/projects/the-leading-bean/services/runtimeconfig.googleapis.com [omitted]
[debug] [2023-05-24T14:52:11.076Z] <<< [apiv2][status] GET https://serviceusage.googleapis.com/v1/projects/the-leading-bean/services/cloudfunctions.googleapis.com 200
[debug] [2023-05-24T14:52:11.077Z] <<< [apiv2][body] GET https://serviceusage.googleapis.com/v1/projects/the-leading-bean/services/cloudfunctions.googleapis.com [omitted]
[info] +  functions: required API cloudfunctions.googleapis.com is enabled 
[debug] [2023-05-24T14:52:11.080Z] >>> [apiv2][query] GET https://firebase.googleapis.com/v1beta1/projects/the-leading-bean/adminSdkConfig [none]
[debug] [2023-05-24T14:52:12.059Z] <<< [apiv2][status] GET https://firebase.googleapis.com/v1beta1/projects/the-leading-bean/adminSdkConfig 200
[debug] [2023-05-24T14:52:12.059Z] <<< [apiv2][body] GET https://firebase.googleapis.com/v1beta1/projects/the-leading-bean/adminSdkConfig {"projectId":"the-leading-bean","storageBucket":"the-leading-bean.appspot.com","locationId":"asia-south1"}
[debug] [2023-05-24T14:52:12.061Z] >>> [apiv2][query] GET https://runtimeconfig.googleapis.com/v1beta1/projects/the-leading-bean/configs [none]
[debug] [2023-05-24T14:52:13.680Z] <<< [apiv2][status] GET https://runtimeconfig.googleapis.com/v1beta1/projects/the-leading-bean/configs 200
[debug] [2023-05-24T14:52:13.681Z] <<< [apiv2][body] GET https://runtimeconfig.googleapis.com/v1beta1/projects/the-leading-bean/configs {}
[debug] [2023-05-24T14:52:13.686Z] Validating nodejs source
[debug] [2023-05-24T14:52:16.077Z] > [functions] package.json contents: {
  "name": "tlb",
  "description": "Cloud Functions for Firebase",
  "scripts": {
    "lint": "eslint .",
    "serve": "firebase emulators:start --only functions",
    "shell": "firebase functions:shell",
    "start": "npm run shell",
    "deploy": "firebase deploy --only functions",
    "logs": "firebase functions:log"
  },
  "engines": {
    "node": "18"
  },
  "main": "index.js",
  "dependencies": {
    "connect-flash": "^0.1.1",
    "connect-mongo": "^5.0.0",
    "cookie-parser": "^1.4.6",
    "cookie-session": "^2.0.0",
    "ejs": "^3.1.9",
    "express": "^4.18.2",
    "express-ejs-layouts": "^2.5.1",
    "express-session": "^1.17.3",
    "express-toastr": "^2.0.2",
    "firebase": "^9.22.0",
    "firebase-admin": "^11.8.0",
    "firebase-functions": "^4.4.0",
    "gulp": "^4.0.2",
    "gulp-cli": "^2.3.0",
    "gulp-cssnano": "^2.1.3",
    "gulp-imagemin": "^8.0.0",
    "gulp-rev": "^10.0.0",
    "gulp-uglify-es": "^3.0.0",
    "imagemin": "^8.0.1",
    "memorystore": "^1.6.7",
    "mongodb": "^5.5.0",
    "mongoose": "^7.1.0",
    "multer": "^1.4.5-lts.1",
    "node-localstorage": "^2.2.1",
    "redis": "^4.6.6",
    "sharp": "^0.32.1"
  },
  "devDependencies": {
    "eslint": "^8.15.0",
    "eslint-config-google": "^0.14.0",
    "firebase-functions-test": "^3.1.0"
  },
  "private": true,
  "version": "1.0.0",
  "author": "",
  "license": "ISC"
}
[debug] [2023-05-24T14:52:16.078Z] Building nodejs source
[debug] [2023-05-24T14:52:16.080Z] Could not find functions.yaml. Must use http discovery
[debug] [2023-05-24T14:52:16.100Z] Found firebase-functions binary at 'C:\Users\RAGHAV\OneDrive\Desktop\projects\leadingbean\functions\node_modules\.bin\firebase-functions'
[debug] [2023-05-24T14:52:16.601Z] Serving at port 8544

[debug] [2023-05-24T14:52:17.501Z] mongoose has connected

[debug] [2023-05-24T14:52:17.684Z] C:\Users\RAGHAV\OneDrive\Desktop\projects\leadingbean\frontend\css

[debug] [2023-05-24T14:52:18.173Z] FetchError: request to http://localhost:8544/__/quitquitquit failed, reason: connect ECONNREFUSED ::1:8544
    at ClientRequest.<anonymous> (C:\Users\RAGHAV\AppData\Roaming\npm\node_modules\firebase-tools\node_modules\node-fetch\lib\index.js:1505:11)
    at ClientRequest.emit (node:events:537:28)
    at ClientRequest.emit (node:domain:482:12)
    at Socket.socketErrorListener (node:_http_client:465:9)
    at Socket.emit (node:events:537:28)
    at Socket.emit (node:domain:482:12)
    at emitErrorNT (node:internal/streams/destroy:151:8)
    at emitErrorCloseNT (node:internal/streams/destroy:116:3)
    at process.processTicksAndRejections (node:internal/process/task_queues:82:21)
[error] 
[error] Error: An unexpected error has occurred.
