[debug] [2023-05-24T16:12:21.652Z] ----------------------------------------------------------------------
[debug] [2023-05-24T16:12:21.654Z] Command:       C:\Program Files\nodejs\node.exe C:\Users\RAGHAV\AppData\Roaming\npm\node_modules\firebase-tools\lib\bin\firebase.js deploy
[debug] [2023-05-24T16:12:21.654Z] CLI Version:   12.0.0
[debug] [2023-05-24T16:12:21.655Z] Platform:      win32
[debug] [2023-05-24T16:12:21.655Z] Node Version:  v18.4.0
[debug] [2023-05-24T16:12:21.656Z] Time:          Wed May 24 2023 21:42:21 GMT+0530 (India Standard Time)
[debug] [2023-05-24T16:12:21.656Z] ----------------------------------------------------------------------
[debug] 
[debug] [2023-05-24T16:12:21.724Z] Object ".hosting" in "firebase.json" has unknown property: {"additionalProperty":"rules"}
[debug] [2023-05-24T16:12:21.724Z] Field ".hosting" in "firebase.json" is possibly invalid: should be array
[debug] [2023-05-24T16:12:21.724Z] Field ".hosting" in "firebase.json" is possibly invalid: should match some schema in anyOf
[debug] [2023-05-24T16:12:21.728Z] > command requires scopes: ["email","openid","https://www.googleapis.com/auth/cloudplatformprojects.readonly","https://www.googleapis.com/auth/firebase","https://www.googleapis.com/auth/cloud-platform"]
[debug] [2023-05-24T16:12:21.729Z] > authorizing via signed-in user (raghav.pareek5846@gmail.com)
[debug] [2023-05-24T16:12:21.729Z] [iam] checking project the-leading-bean for permissions ["cloudfunctions.functions.create","cloudfunctions.functions.delete","cloudfunctions.functions.get","cloudfunctions.functions.list","cloudfunctions.functions.update","cloudfunctions.operations.get","firebase.projects.get","firebasehosting.sites.update"]
[debug] [2023-05-24T16:12:21.731Z] > refreshing access token with scopes: []
[debug] [2023-05-24T16:12:21.732Z] >>> [apiv2][query] POST https://www.googleapis.com/oauth2/v3/token [none]
[debug] [2023-05-24T16:12:21.733Z] >>> [apiv2][body] POST https://www.googleapis.com/oauth2/v3/token [omitted]
[debug] [2023-05-24T16:12:22.408Z] <<< [apiv2][status] POST https://www.googleapis.com/oauth2/v3/token 200
[debug] [2023-05-24T16:12:22.409Z] <<< [apiv2][body] POST https://www.googleapis.com/oauth2/v3/token [omitted]
[debug] [2023-05-24T16:12:22.419Z] >>> [apiv2][query] POST https://cloudresourcemanager.googleapis.com/v1/projects/the-leading-bean:testIamPermissions [none]
[debug] [2023-05-24T16:12:22.419Z] >>> [apiv2][(partial)header] POST https://cloudresourcemanager.googleapis.com/v1/projects/the-leading-bean:testIamPermissions x-goog-quota-user=projects/the-leading-bean
[debug] [2023-05-24T16:12:22.420Z] >>> [apiv2][body] POST https://cloudresourcemanager.googleapis.com/v1/projects/the-leading-bean:testIamPermissions {"permissions":["cloudfunctions.functions.create","cloudfunctions.functions.delete","cloudfunctions.functions.get","cloudfunctions.functions.list","cloudfunctions.functions.update","cloudfunctions.operations.get","firebase.projects.get","firebasehosting.sites.update"]}
